<?xml version="1.0" encoding="UTF-8"?>
<!-- Generated by org.testng.reporters.JUnitReportReporter -->
<testsuite hostname="BINTERNS-QA23L" failures="0" tests="1" name="tesla_tests.Tesla_test1" time="0.041" errors="0" timestamp="2023-04-25T12:29:29 IST" skipped="0">
  <testcase classname="tesla_tests.Tesla_test1" name="logoverify" time="0.041"/>
  <system-out/>
</testsuite> <!-- tesla_tests.Tesla_test1 -->
